This is pdfTeX, Version 3.1415926-2.5-1.40.14 (TeX Live 2013) (format=pdflatex 2014.3.6)  22 SEP 2015 04:51
entering extended mode
 \write18 enabled.
 %&-line parsing enabled.
**drLumi.tex
(./drLumi.tex
LaTeX2e <2011/06/27>
Babel <3.9f> and hyphenation patterns for 21 languages loaded.
(/usr/local/texlive/2013basic/texmf-dist/tex/latex/base/article.cls
Document Class: article 2007/10/19 v1.4h Standard LaTeX document class
(/usr/local/texlive/2013basic/texmf-dist/tex/latex/base/size11.clo
File: size11.clo 2007/10/19 v1.4h Standard LaTeX file (size option)
)
\c@part=\count79
\c@section=\count80
\c@subsection=\count81
\c@subsubsection=\count82
\c@paragraph=\count83
\c@subparagraph=\count84
\c@figure=\count85
\c@table=\count86
\abovecaptionskip=\skip41
\belowcaptionskip=\skip42
\bibindent=\dimen102
)
(/usr/local/texlive/2013basic/texmf-dist/tex/latex/graphics/graphicx.sty
Package: graphicx 1999/02/16 v1.0f Enhanced LaTeX Graphics (DPC,SPQR)

(/usr/local/texlive/2013basic/texmf-dist/tex/latex/graphics/keyval.sty
Package: keyval 1999/03/16 v1.13 key=value parser (DPC)
\KV@toks@=\toks14
)
(/usr/local/texlive/2013basic/texmf-dist/tex/latex/graphics/graphics.sty
Package: graphics 2009/02/05 v1.0o Standard LaTeX Graphics (DPC,SPQR)

(/usr/local/texlive/2013basic/texmf-dist/tex/latex/graphics/trig.sty
Package: trig 1999/03/16 v1.09 sin cos tan (DPC)
)
(/usr/local/texlive/2013basic/texmf-dist/tex/latex/latexconfig/graphics.cfg
File: graphics.cfg 2010/04/23 v1.9 graphics configuration of TeX Live
)
Package graphics Info: Driver file: pdftex.def on input line 91.

(/usr/local/texlive/2013basic/texmf-dist/tex/latex/pdftex-def/pdftex.def
File: pdftex.def 2011/05/27 v0.06d Graphics/color for pdfTeX

(/usr/local/texlive/2013basic/texmf-dist/tex/generic/oberdiek/infwarerr.sty
Package: infwarerr 2010/04/08 v1.3 Providing info/warning/error messages (HO)
)
(/usr/local/texlive/2013basic/texmf-dist/tex/generic/oberdiek/ltxcmds.sty
Package: ltxcmds 2011/11/09 v1.22 LaTeX kernel commands for general use (HO)
)
\Gread@gobject=\count87
))
\Gin@req@height=\dimen103
\Gin@req@width=\dimen104
)
(/usr/local/texlive/2013basic/texmf-dist/tex/latex/graphics/color.sty
Package: color 2005/11/14 v1.0j Standard LaTeX Color (DPC)

(/usr/local/texlive/2013basic/texmf-dist/tex/latex/latexconfig/color.cfg
File: color.cfg 2007/01/18 v1.5 color configuration of teTeX/TeXLive
)
Package color Info: Driver file: pdftex.def on input line 130.
)
(./framed.sty
Package: framed 2011/10/22 v 0.96: framed or shaded text with page breaks
\OuterFrameSep=\skip43
\fb@frw=\dimen105
\fb@frh=\dimen106
\FrameRule=\dimen107
\FrameSep=\dimen108
)
(/usr/local/texlive/2013basic/texmf-dist/tex/latex/base/alltt.sty
Package: alltt 1997/06/16 v2.0g defines alltt environment
)
(/usr/local/texlive/2013basic/texmf-dist/tex/latex/base/inputenc.sty
Package: inputenc 2008/03/30 v1.1d Input encoding file
\inpenc@prehook=\toks15
\inpenc@posthook=\toks16

(/usr/local/texlive/2013basic/texmf-dist/tex/latex/base/ansinew.def
File: ansinew.def 2008/03/30 v1.1d Input encoding file
))
(/usr/local/texlive/2013basic/texmf-dist/tex/latex/hyperref/hyperref.sty
Package: hyperref 2012/11/06 v6.83m Hypertext links for LaTeX

(/usr/local/texlive/2013basic/texmf-dist/tex/generic/oberdiek/hobsub-hyperref.s
ty
Package: hobsub-hyperref 2012/05/28 v1.13 Bundle oberdiek, subset hyperref (HO)


(/usr/local/texlive/2013basic/texmf-dist/tex/generic/oberdiek/hobsub-generic.st
y
Package: hobsub-generic 2012/05/28 v1.13 Bundle oberdiek, subset generic (HO)
Package: hobsub 2012/05/28 v1.13 Construct package bundles (HO)
Package hobsub Info: Skipping package `infwarerr' (already loaded).
Package hobsub Info: Skipping package `ltxcmds' (already loaded).
Package: ifluatex 2010/03/01 v1.3 Provides the ifluatex switch (HO)
Package ifluatex Info: LuaTeX not detected.
Package: ifvtex 2010/03/01 v1.5 Detect VTeX and its facilities (HO)
Package ifvtex Info: VTeX not detected.
Package: intcalc 2007/09/27 v1.1 Expandable calculations with integers (HO)
Package: ifpdf 2011/01/30 v2.3 Provides the ifpdf switch (HO)
Package ifpdf Info: pdfTeX in PDF mode is detected.
Package: etexcmds 2011/02/16 v1.5 Avoid name clashes with e-TeX commands (HO)
Package etexcmds Info: Could not find \expanded.
(etexcmds)             That can mean that you are not using pdfTeX 1.50 or
(etexcmds)             that some package has redefined \expanded.
(etexcmds)             In the latter case, load this package earlier.
Package: kvsetkeys 2012/04/25 v1.16 Key value parser (HO)
Package: kvdefinekeys 2011/04/07 v1.3 Define keys (HO)
Package: pdftexcmds 2011/11/29 v0.20 Utility functions of pdfTeX for LuaTeX (HO
)
Package pdftexcmds Info: LuaTeX not detected.
Package pdftexcmds Info: \pdf@primitive is available.
Package pdftexcmds Info: \pdf@ifprimitive is available.
Package pdftexcmds Info: \pdfdraftmode found.
Package: pdfescape 2011/11/25 v1.13 Implements pdfTeX's escape features (HO)
Package: bigintcalc 2012/04/08 v1.3 Expandable calculations on big integers (HO
)
Package: bitset 2011/01/30 v1.1 Handle bit-vector datatype (HO)
Package: uniquecounter 2011/01/30 v1.2 Provide unlimited unique counter (HO)
)
Package hobsub Info: Skipping package `hobsub' (already loaded).
Package: letltxmacro 2010/09/02 v1.4 Let assignment for LaTeX macros (HO)
Package: hopatch 2012/05/28 v1.2 Wrapper for package hooks (HO)
Package: xcolor-patch 2011/01/30 xcolor patch
Package: atveryend 2011/06/30 v1.8 Hooks at the very end of document (HO)
Package atveryend Info: \enddocument detected (standard20110627).
Package: atbegshi 2011/10/05 v1.16 At begin shipout hook (HO)
Package: refcount 2011/10/16 v3.4 Data extraction from label references (HO)
Package: hycolor 2011/01/30 v1.7 Color options for hyperref/bookmark (HO)
) (/usr/local/texlive/2013basic/texmf-dist/tex/generic/ifxetex/ifxetex.sty
Package: ifxetex 2010/09/12 v0.6 Provides ifxetex conditional
)
(/usr/local/texlive/2013basic/texmf-dist/tex/latex/oberdiek/auxhook.sty
Package: auxhook 2011/03/04 v1.3 Hooks for auxiliary files (HO)
)
(/usr/local/texlive/2013basic/texmf-dist/tex/latex/oberdiek/kvoptions.sty
Package: kvoptions 2011/06/30 v3.11 Key value format for package options (HO)
)
\@linkdim=\dimen109
\Hy@linkcounter=\count88
\Hy@pagecounter=\count89

(/usr/local/texlive/2013basic/texmf-dist/tex/latex/hyperref/pd1enc.def
File: pd1enc.def 2012/11/06 v6.83m Hyperref: PDFDocEncoding definition (HO)
)
\Hy@SavedSpaceFactor=\count90

(/usr/local/texlive/2013basic/texmf-dist/tex/latex/latexconfig/hyperref.cfg
File: hyperref.cfg 2002/06/06 v1.2 hyperref configuration of TeXLive
)
Package hyperref Info: Hyper figures OFF on input line 4443.
Package hyperref Info: Link nesting OFF on input line 4448.
Package hyperref Info: Hyper index ON on input line 4451.
Package hyperref Info: Plain pages OFF on input line 4458.
Package hyperref Info: Backreferencing OFF on input line 4463.
Package hyperref Info: Implicit mode ON; LaTeX internals redefined.
Package hyperref Info: Bookmarks ON on input line 4688.
\c@Hy@tempcnt=\count91

(/usr/local/texlive/2013basic/texmf-dist/tex/latex/url/url.sty
\Urlmuskip=\muskip10
Package: url 2013/09/16  ver 3.4  Verb mode for urls, etc.
)
LaTeX Info: Redefining \url on input line 5041.
\XeTeXLinkMargin=\dimen110
\Fld@menulength=\count92
\Field@Width=\dimen111
\Fld@charsize=\dimen112
Package hyperref Info: Hyper figures OFF on input line 6295.
Package hyperref Info: Link nesting OFF on input line 6300.
Package hyperref Info: Hyper index ON on input line 6303.
Package hyperref Info: backreferencing OFF on input line 6310.
Package hyperref Info: Link coloring OFF on input line 6315.
Package hyperref Info: Link coloring with OCG OFF on input line 6320.
Package hyperref Info: PDF/A mode OFF on input line 6325.
LaTeX Info: Redefining \ref on input line 6365.
LaTeX Info: Redefining \pageref on input line 6369.
\Hy@abspage=\count93
\c@Item=\count94
\c@Hfootnote=\count95
)

Package hyperref Message: Driver (autodetected): hpdftex.

(/usr/local/texlive/2013basic/texmf-dist/tex/latex/hyperref/hpdftex.def
File: hpdftex.def 2012/11/06 v6.83m Hyperref driver for pdfTeX
\Fld@listcount=\count96
\c@bookmark@seq@number=\count97

(/usr/local/texlive/2013basic/texmf-dist/tex/latex/oberdiek/rerunfilecheck.sty
Package: rerunfilecheck 2011/04/15 v1.7 Rerun checks for auxiliary files (HO)
Package uniquecounter Info: New unique counter `rerunfilecheck' on input line 2
82.
)
\Hy@SectionHShift=\skip44
) (/usr/local/texlive/2013basic/texmf-dist/tex/latex/amsfonts/amssymb.sty
Package: amssymb 2013/01/14 v3.01 AMS font symbols

(/usr/local/texlive/2013basic/texmf-dist/tex/latex/amsfonts/amsfonts.sty
Package: amsfonts 2013/01/14 v3.01 Basic AMSFonts support
\@emptytoks=\toks17
\symAMSa=\mathgroup4
\symAMSb=\mathgroup5
LaTeX Font Info:    Overwriting math alphabet `\mathfrak' in version `bold'
(Font)                  U/euf/m/n --> U/euf/b/n on input line 106.
))
(/usr/local/texlive/2013basic/texmf-dist/tex/latex/amsmath/amsmath.sty
Package: amsmath 2013/01/14 v2.14 AMS math features
\@mathmargin=\skip45

For additional information on amsmath, use the `?' option.
(/usr/local/texlive/2013basic/texmf-dist/tex/latex/amsmath/amstext.sty
Package: amstext 2000/06/29 v2.01

(/usr/local/texlive/2013basic/texmf-dist/tex/latex/amsmath/amsgen.sty
File: amsgen.sty 1999/11/30 v2.0
\@emptytoks=\toks18
\ex@=\dimen113
))
(/usr/local/texlive/2013basic/texmf-dist/tex/latex/amsmath/amsbsy.sty
Package: amsbsy 1999/11/29 v1.2d
\pmbraise@=\dimen114
)
(/usr/local/texlive/2013basic/texmf-dist/tex/latex/amsmath/amsopn.sty
Package: amsopn 1999/12/14 v2.01 operator names
)
\inf@bad=\count98
LaTeX Info: Redefining \frac on input line 210.
\uproot@=\count99
\leftroot@=\count100
LaTeX Info: Redefining \overline on input line 306.
\classnum@=\count101
\DOTSCASE@=\count102
LaTeX Info: Redefining \ldots on input line 378.
LaTeX Info: Redefining \dots on input line 381.
LaTeX Info: Redefining \cdots on input line 466.
\Mathstrutbox@=\box26
\strutbox@=\box27
\big@size=\dimen115
LaTeX Font Info:    Redeclaring font encoding OML on input line 566.
LaTeX Font Info:    Redeclaring font encoding OMS on input line 567.
\macc@depth=\count103
\c@MaxMatrixCols=\count104
\dotsspace@=\muskip11
\c@parentequation=\count105
\dspbrk@lvl=\count106
\tag@help=\toks19
\row@=\count107
\column@=\count108
\maxfields@=\count109
\andhelp@=\toks20
\eqnshift@=\dimen116
\alignsep@=\dimen117
\tagshift@=\dimen118
\tagwidth@=\dimen119
\totwidth@=\dimen120
\lineht@=\dimen121
\@envbody=\toks21
\multlinegap=\skip46
\multlinetaggap=\skip47
\mathdisplay@stack=\toks22
LaTeX Info: Redefining \[ on input line 2665.
LaTeX Info: Redefining \] on input line 2666.
)
(/usr/local/texlive/2013basic/texmf-dist/tex/latex/graphics/lscape.sty
Package: lscape 2000/10/22 v3.01 Landscape Pages (DPC)
)
(/usr/local/texlive/2013basic/texmf-dist/tex/latex/tools/longtable.sty
Package: longtable 2004/02/01 v4.11 Multi-page Table package (DPC)
\LTleft=\skip48
\LTright=\skip49
\LTpre=\skip50
\LTpost=\skip51
\LTchunksize=\count110
\LTcapwidth=\dimen122
\LT@head=\box28
\LT@firsthead=\box29
\LT@foot=\box30
\LT@lastfoot=\box31
\LT@cols=\count111
\LT@rows=\count112
\c@LT@tables=\count113
\c@LT@chunks=\count114
\LT@p@ftn=\toks23
)
(/usr/local/texlive/2013basic/texmf-dist/tex/latex/fancyvrb/fancyvrb.sty
Package: fancyvrb 2008/02/07

Style option: `fancyvrb' v2.7a, with DG/SPQR fixes, and firstline=lastline fix 
<2008/02/07> (tvz)
\FV@CodeLineNo=\count115
\FV@InFile=\read1
\FV@TabBox=\box32
\c@FancyVerbLine=\count116
\FV@StepNumber=\count117
\FV@OutFile=\write3
)
(/usr/local/texlive/2013basic/texmf-dist/tex/latex/tools/enumerate.sty
Package: enumerate 1999/03/05 v3.00 enumerate extensions (DPC)
\@enLab=\toks24
)
(/usr/local/texlive/2013basic/texmf-dist/tex/latex/float/float.sty
Package: float 2001/11/08 v1.3d Float enhancements (AL)
\c@float@type=\count118
\float@exts=\toks25
\float@box=\box33
\@float@everytoks=\toks26
\@floatcapt=\box34
)
(/usr/local/texlive/2013basic/texmf-dist/tex/latex/setspace/setspace.sty
Package: setspace 2011/12/19 v6.7a set line spacing
)
(/usr/local/texlive/2013basic/texmf-dist/tex/latex/geometry/geometry.sty
Package: geometry 2010/09/12 v5.6 Page Geometry
\Gm@cnth=\count119
\Gm@cntv=\count120
\c@Gm@tempcnt=\count121
\Gm@bindingoffset=\dimen123
\Gm@wd@mp=\dimen124
\Gm@odd@mp=\dimen125
\Gm@even@mp=\dimen126
\Gm@layoutwidth=\dimen127
\Gm@layoutheight=\dimen128
\Gm@layouthoffset=\dimen129
\Gm@layoutvoffset=\dimen130
\Gm@dimlist=\toks27
)
(/usr/local/texlive/2013basic/texmf-dist/tex/latex/caption/caption.sty
Package: caption 2013/05/02 v3.3-89 Customizing captions (AR)

(/usr/local/texlive/2013basic/texmf-dist/tex/latex/caption/caption3.sty
Package: caption3 2013/05/02 v1.6-88 caption3 kernel (AR)
Package caption3 Info: TeX engine: e-TeX on input line 57.
\captionmargin=\dimen131
\captionmargin@=\dimen132
\captionwidth=\dimen133
\caption@tempdima=\dimen134
\caption@indent=\dimen135
\caption@parindent=\dimen136
\caption@hangindent=\dimen137
)
\c@ContinuedFloat=\count122
Package caption Info: float package is loaded.
Package caption Info: hyperref package is loaded.
Package caption Info: longtable package is loaded.

(/usr/local/texlive/2013basic/texmf-dist/tex/latex/caption/ltcaption.sty
Package: ltcaption 2013/02/03 v1.3-62 longtable captions (AR)
))
(/usr/local/texlive/2013basic/texmf-dist/tex/latex/caption/subcaption.sty
Package: subcaption 2013/02/03 v1.1-62 Sub-captions (AR)
\c@subfigure=\count123
\c@subtable=\count124
)
(/usr/local/texlive/2013basic/texmf-dist/tex/latex/pgf/frontendlayer/tikz.sty
(/usr/local/texlive/2013basic/texmf-dist/tex/latex/pgf/basiclayer/pgf.sty
(/usr/local/texlive/2013basic/texmf-dist/tex/latex/pgf/utilities/pgfrcs.sty
(/usr/local/texlive/2013basic/texmf-dist/tex/generic/pgf/utilities/pgfutil-comm
on.tex
\pgfutil@everybye=\toks28
\pgfutil@tempdima=\dimen138
\pgfutil@tempdimb=\dimen139

(/usr/local/texlive/2013basic/texmf-dist/tex/generic/pgf/utilities/pgfutil-comm
on-lists.tex))
(/usr/local/texlive/2013basic/texmf-dist/tex/generic/pgf/utilities/pgfutil-late
x.def
\pgfutil@abb=\box35
 (/usr/local/texlive/2013basic/texmf-dist/tex/latex/ms/everyshi.sty
Package: everyshi 2001/05/15 v3.00 EveryShipout Package (MS)
))
(/usr/local/texlive/2013basic/texmf-dist/tex/generic/pgf/utilities/pgfrcs.code.
tex
Package: pgfrcs 2013/12/20 v3.0.0 (rcs-revision 1.28)
))
Package: pgf 2013/12/18 v3.0.0 (rcs-revision 1.14)

(/usr/local/texlive/2013basic/texmf-dist/tex/latex/pgf/basiclayer/pgfcore.sty
(/usr/local/texlive/2013basic/texmf-dist/tex/latex/pgf/systemlayer/pgfsys.sty
(/usr/local/texlive/2013basic/texmf-dist/tex/generic/pgf/systemlayer/pgfsys.cod
e.tex
Package: pgfsys 2013/11/30 v3.0.0 (rcs-revision 1.47)

(/usr/local/texlive/2013basic/texmf-dist/tex/generic/pgf/utilities/pgfkeys.code
.tex
\pgfkeys@pathtoks=\toks29
\pgfkeys@temptoks=\toks30

(/usr/local/texlive/2013basic/texmf-dist/tex/generic/pgf/utilities/pgfkeysfilte
red.code.tex
\pgfkeys@tmptoks=\toks31
))
\pgf@x=\dimen140
\pgf@y=\dimen141
\pgf@xa=\dimen142
\pgf@ya=\dimen143
\pgf@xb=\dimen144
\pgf@yb=\dimen145
\pgf@xc=\dimen146
\pgf@yc=\dimen147
\w@pgf@writea=\write4
\r@pgf@reada=\read2
\c@pgf@counta=\count125
\c@pgf@countb=\count126
\c@pgf@countc=\count127
\c@pgf@countd=\count128
\t@pgf@toka=\toks32
\t@pgf@tokb=\toks33
\t@pgf@tokc=\toks34

(/usr/local/texlive/2013basic/texmf-dist/tex/generic/pgf/systemlayer/pgf.cfg
File: pgf.cfg 2008/05/14  (rcs-revision 1.7)
)
Driver file for pgf: pgfsys-pdftex.def

(/usr/local/texlive/2013basic/texmf-dist/tex/generic/pgf/systemlayer/pgfsys-pdf
tex.def
File: pgfsys-pdftex.def 2013/07/18  (rcs-revision 1.33)

(/usr/local/texlive/2013basic/texmf-dist/tex/generic/pgf/systemlayer/pgfsys-com
mon-pdf.def
File: pgfsys-common-pdf.def 2013/10/10  (rcs-revision 1.13)
)))
(/usr/local/texlive/2013basic/texmf-dist/tex/generic/pgf/systemlayer/pgfsyssoft
path.code.tex
File: pgfsyssoftpath.code.tex 2013/09/09  (rcs-revision 1.9)
\pgfsyssoftpath@smallbuffer@items=\count129
\pgfsyssoftpath@bigbuffer@items=\count130
)
(/usr/local/texlive/2013basic/texmf-dist/tex/generic/pgf/systemlayer/pgfsysprot
ocol.code.tex
File: pgfsysprotocol.code.tex 2006/10/16  (rcs-revision 1.4)
))
(/usr/local/texlive/2013basic/texmf-dist/tex/latex/xcolor/xcolor.sty
Package: xcolor 2007/01/21 v2.11 LaTeX color extensions (UK)

(/usr/local/texlive/2013basic/texmf-dist/tex/latex/latexconfig/color.cfg
File: color.cfg 2007/01/18 v1.5 color configuration of teTeX/TeXLive
)
Package xcolor Info: Driver file: pdftex.def on input line 225.
LaTeX Info: Redefining \color on input line 702.
Package xcolor Info: Model `cmy' substituted by `cmy0' on input line 1337.
Package xcolor Info: Model `hsb' substituted by `rgb' on input line 1341.
Package xcolor Info: Model `RGB' extended on input line 1353.
Package xcolor Info: Model `HTML' substituted by `rgb' on input line 1355.
Package xcolor Info: Model `Hsb' substituted by `hsb' on input line 1356.
Package xcolor Info: Model `tHsb' substituted by `hsb' on input line 1357.
Package xcolor Info: Model `HSB' substituted by `hsb' on input line 1358.
Package xcolor Info: Model `Gray' substituted by `gray' on input line 1359.
Package xcolor Info: Model `wave' substituted by `hsb' on input line 1360.
)
(/usr/local/texlive/2013basic/texmf-dist/tex/generic/pgf/basiclayer/pgfcore.cod
e.tex
Package: pgfcore 2010/04/11 v3.0.0 (rcs-revision 1.7)

(/usr/local/texlive/2013basic/texmf-dist/tex/generic/pgf/math/pgfmath.code.tex
(/usr/local/texlive/2013basic/texmf-dist/tex/generic/pgf/math/pgfmathcalc.code.
tex
(/usr/local/texlive/2013basic/texmf-dist/tex/generic/pgf/math/pgfmathutil.code.
tex)
(/usr/local/texlive/2013basic/texmf-dist/tex/generic/pgf/math/pgfmathparser.cod
e.tex
\pgfmath@dimen=\dimen148
\pgfmath@count=\count131
\pgfmath@box=\box36
\pgfmath@toks=\toks35
\pgfmath@stack@operand=\toks36
\pgfmath@stack@operation=\toks37
)
(/usr/local/texlive/2013basic/texmf-dist/tex/generic/pgf/math/pgfmathfunctions.
code.tex
(/usr/local/texlive/2013basic/texmf-dist/tex/generic/pgf/math/pgfmathfunctions.
basic.code.tex)
(/usr/local/texlive/2013basic/texmf-dist/tex/generic/pgf/math/pgfmathfunctions.
trigonometric.code.tex)
(/usr/local/texlive/2013basic/texmf-dist/tex/generic/pgf/math/pgfmathfunctions.
random.code.tex)
(/usr/local/texlive/2013basic/texmf-dist/tex/generic/pgf/math/pgfmathfunctions.
comparison.code.tex)
(/usr/local/texlive/2013basic/texmf-dist/tex/generic/pgf/math/pgfmathfunctions.
base.code.tex)
(/usr/local/texlive/2013basic/texmf-dist/tex/generic/pgf/math/pgfmathfunctions.
round.code.tex)
(/usr/local/texlive/2013basic/texmf-dist/tex/generic/pgf/math/pgfmathfunctions.
misc.code.tex)
(/usr/local/texlive/2013basic/texmf-dist/tex/generic/pgf/math/pgfmathfunctions.
integerarithmetics.code.tex)))
(/usr/local/texlive/2013basic/texmf-dist/tex/generic/pgf/math/pgfmathfloat.code
.tex
\c@pgfmathroundto@lastzeros=\count132
))
(/usr/local/texlive/2013basic/texmf-dist/tex/generic/pgf/basiclayer/pgfcorepoin
ts.code.tex
File: pgfcorepoints.code.tex 2013/10/07  (rcs-revision 1.27)
\pgf@picminx=\dimen149
\pgf@picmaxx=\dimen150
\pgf@picminy=\dimen151
\pgf@picmaxy=\dimen152
\pgf@pathminx=\dimen153
\pgf@pathmaxx=\dimen154
\pgf@pathminy=\dimen155
\pgf@pathmaxy=\dimen156
\pgf@xx=\dimen157
\pgf@xy=\dimen158
\pgf@yx=\dimen159
\pgf@yy=\dimen160
\pgf@zx=\dimen161
\pgf@zy=\dimen162
)
(/usr/local/texlive/2013basic/texmf-dist/tex/generic/pgf/basiclayer/pgfcorepath
construct.code.tex
File: pgfcorepathconstruct.code.tex 2013/10/07  (rcs-revision 1.29)
\pgf@path@lastx=\dimen163
\pgf@path@lasty=\dimen164
)
(/usr/local/texlive/2013basic/texmf-dist/tex/generic/pgf/basiclayer/pgfcorepath
usage.code.tex
File: pgfcorepathusage.code.tex 2013/12/13  (rcs-revision 1.23)
\pgf@shorten@end@additional=\dimen165
\pgf@shorten@start@additional=\dimen166
)
(/usr/local/texlive/2013basic/texmf-dist/tex/generic/pgf/basiclayer/pgfcorescop
es.code.tex
File: pgfcorescopes.code.tex 2013/10/09  (rcs-revision 1.44)
\pgfpic=\box37
\pgf@hbox=\box38
\pgf@layerbox@main=\box39
\pgf@picture@serial@count=\count133
)
(/usr/local/texlive/2013basic/texmf-dist/tex/generic/pgf/basiclayer/pgfcoregrap
hicstate.code.tex
File: pgfcoregraphicstate.code.tex 2013/09/19  (rcs-revision 1.11)
\pgflinewidth=\dimen167
)
(/usr/local/texlive/2013basic/texmf-dist/tex/generic/pgf/basiclayer/pgfcoretran
sformations.code.tex
File: pgfcoretransformations.code.tex 2013/10/10  (rcs-revision 1.17)
\pgf@pt@x=\dimen168
\pgf@pt@y=\dimen169
\pgf@pt@temp=\dimen170
)
(/usr/local/texlive/2013basic/texmf-dist/tex/generic/pgf/basiclayer/pgfcorequic
k.code.tex
File: pgfcorequick.code.tex 2008/10/09  (rcs-revision 1.3)
)
(/usr/local/texlive/2013basic/texmf-dist/tex/generic/pgf/basiclayer/pgfcoreobje
cts.code.tex
File: pgfcoreobjects.code.tex 2006/10/11  (rcs-revision 1.2)
)
(/usr/local/texlive/2013basic/texmf-dist/tex/generic/pgf/basiclayer/pgfcorepath
processing.code.tex
File: pgfcorepathprocessing.code.tex 2013/09/09  (rcs-revision 1.9)
)
(/usr/local/texlive/2013basic/texmf-dist/tex/generic/pgf/basiclayer/pgfcorearro
ws.code.tex
File: pgfcorearrows.code.tex 2013/11/07  (rcs-revision 1.40)
\pgfarrowsep=\dimen171
)
(/usr/local/texlive/2013basic/texmf-dist/tex/generic/pgf/basiclayer/pgfcoreshad
e.code.tex
File: pgfcoreshade.code.tex 2013/07/15  (rcs-revision 1.15)
\pgf@max=\dimen172
\pgf@sys@shading@range@num=\count134
)
(/usr/local/texlive/2013basic/texmf-dist/tex/generic/pgf/basiclayer/pgfcoreimag
e.code.tex
File: pgfcoreimage.code.tex 2013/07/15  (rcs-revision 1.18)

(/usr/local/texlive/2013basic/texmf-dist/tex/generic/pgf/basiclayer/pgfcoreexte
rnal.code.tex
File: pgfcoreexternal.code.tex 2013/07/15  (rcs-revision 1.20)
\pgfexternal@startupbox=\box40
))
(/usr/local/texlive/2013basic/texmf-dist/tex/generic/pgf/basiclayer/pgfcorelaye
rs.code.tex
File: pgfcorelayers.code.tex 2013/07/18  (rcs-revision 1.7)
)
(/usr/local/texlive/2013basic/texmf-dist/tex/generic/pgf/basiclayer/pgfcoretran
sparency.code.tex
File: pgfcoretransparency.code.tex 2013/09/30  (rcs-revision 1.5)
)
(/usr/local/texlive/2013basic/texmf-dist/tex/generic/pgf/basiclayer/pgfcorepatt
erns.code.tex
File: pgfcorepatterns.code.tex 2013/11/07  (rcs-revision 1.5)
)))
(/usr/local/texlive/2013basic/texmf-dist/tex/generic/pgf/modules/pgfmoduleshape
s.code.tex
File: pgfmoduleshapes.code.tex 2013/10/31  (rcs-revision 1.34)
\pgfnodeparttextbox=\box41
)
(/usr/local/texlive/2013basic/texmf-dist/tex/generic/pgf/modules/pgfmoduleplot.
code.tex
File: pgfmoduleplot.code.tex 2013/07/31  (rcs-revision 1.12)
)
(/usr/local/texlive/2013basic/texmf-dist/tex/latex/pgf/compatibility/pgfcomp-ve
rsion-0-65.sty
Package: pgfcomp-version-0-65 2007/07/03 v3.0.0 (rcs-revision 1.7)
\pgf@nodesepstart=\dimen173
\pgf@nodesepend=\dimen174
)
(/usr/local/texlive/2013basic/texmf-dist/tex/latex/pgf/compatibility/pgfcomp-ve
rsion-1-18.sty
Package: pgfcomp-version-1-18 2007/07/23 v3.0.0 (rcs-revision 1.1)
))
(/usr/local/texlive/2013basic/texmf-dist/tex/latex/pgf/utilities/pgffor.sty
(/usr/local/texlive/2013basic/texmf-dist/tex/latex/pgf/utilities/pgfkeys.sty
(/usr/local/texlive/2013basic/texmf-dist/tex/generic/pgf/utilities/pgfkeys.code
.tex)) (/usr/local/texlive/2013basic/texmf-dist/tex/latex/pgf/math/pgfmath.sty
(/usr/local/texlive/2013basic/texmf-dist/tex/generic/pgf/math/pgfmath.code.tex)
)
(/usr/local/texlive/2013basic/texmf-dist/tex/generic/pgf/utilities/pgffor.code.
tex
Package: pgffor 2013/12/13 v3.0.0 (rcs-revision 1.25)

(/usr/local/texlive/2013basic/texmf-dist/tex/generic/pgf/math/pgfmath.code.tex)
\pgffor@iter=\dimen175
\pgffor@skip=\dimen176
\pgffor@stack=\toks38
\pgffor@toks=\toks39
))
(/usr/local/texlive/2013basic/texmf-dist/tex/generic/pgf/frontendlayer/tikz/tik
z.code.tex
Package: tikz 2013/12/13 v3.0.0 (rcs-revision 1.142)

(/usr/local/texlive/2013basic/texmf-dist/tex/generic/pgf/libraries/pgflibrarypl
othandlers.code.tex
File: pgflibraryplothandlers.code.tex 2013/08/31 v3.0.0 (rcs-revision 1.20)
\pgf@plot@mark@count=\count135
\pgfplotmarksize=\dimen177
)
\tikz@lastx=\dimen178
\tikz@lasty=\dimen179
\tikz@lastxsaved=\dimen180
\tikz@lastysaved=\dimen181
\tikzleveldistance=\dimen182
\tikzsiblingdistance=\dimen183
\tikz@figbox=\box42
\tikz@figbox@bg=\box43
\tikz@tempbox=\box44
\tikz@tempbox@bg=\box45
\tikztreelevel=\count136
\tikznumberofchildren=\count137
\tikznumberofcurrentchild=\count138
\tikz@fig@count=\count139

(/usr/local/texlive/2013basic/texmf-dist/tex/generic/pgf/modules/pgfmodulematri
x.code.tex
File: pgfmodulematrix.code.tex 2013/09/17  (rcs-revision 1.8)
\pgfmatrixcurrentrow=\count140
\pgfmatrixcurrentcolumn=\count141
\pgf@matrix@numberofcolumns=\count142
)
\tikz@expandcount=\count143

(/usr/local/texlive/2013basic/texmf-dist/tex/generic/pgf/frontendlayer/tikz/lib
raries/tikzlibrarytopaths.code.tex
File: tikzlibrarytopaths.code.tex 2008/06/17 v3.0.0 (rcs-revision 1.2)
)))
(/usr/local/texlive/2013basic/texmf-dist/tex/generic/babel/babel.sty
Package: babel 2014/03/24 3.9k The Babel package

(/usr/local/texlive/2013basic/texmf-dist/tex/generic/babel/switch.def
File: switch.def 2014/03/24 3.9k Babel switching mechanism
)
(/usr/local/texlive/2013basic/texmf-dist/tex/generic/babel-english/english.ldf
Language: english 2012/08/20 v3.3p English support from the babel system

(/usr/local/texlive/2013basic/texmf-dist/tex/generic/babel/babel.def
File: babel.def 2014/03/24 3.9k Babel common definitions
\babel@savecnt=\count144
\U@D=\dimen184
)
\l@canadian = a dialect from \language\l@american 
\l@australian = a dialect from \language\l@british 
\l@newzealand = a dialect from \language\l@british 
))
(/usr/local/texlive/2013basic/texmf-dist/tex/generic/pgf/frontendlayer/tikz/lib
raries/tikzlibraryshapes.geometric.code.tex
File: tikzlibraryshapes.geometric.code.tex 2008/01/09 v3.0.0 (rcs-revision 1.1)


(/usr/local/texlive/2013basic/texmf-dist/tex/generic/pgf/libraries/shapes/pgfli
braryshapes.geometric.code.tex
File: pgflibraryshapes.geometric.code.tex 2008/06/26 v3.0.0 (rcs-revision 1.1)
))
(/usr/local/texlive/2013basic/texmf-dist/tex/generic/pgf/frontendlayer/tikz/lib
raries/tikzlibraryarrows.code.tex
File: tikzlibraryarrows.code.tex 2008/01/09 v3.0.0 (rcs-revision 1.1)

(/usr/local/texlive/2013basic/texmf-dist/tex/generic/pgf/libraries/pgflibraryar
rows.code.tex
File: pgflibraryarrows.code.tex 2013/09/23 v3.0.0 (rcs-revision 1.16)
\arrowsize=\dimen185
))
(/usr/local/texlive/2013basic/texmf-dist/tex/latex/upquote/upquote.sty
Package: upquote 2012/04/19 v1.3 upright-quote and grave-accent glyphs in verba
tim
)
(./drLumi.aux)
\openout1 = `drLumi.aux'.

LaTeX Font Info:    Checking defaults for OML/cmm/m/it on input line 86.
LaTeX Font Info:    ... okay on input line 86.
LaTeX Font Info:    Checking defaults for T1/cmr/m/n on input line 86.
LaTeX Font Info:    ... okay on input line 86.
LaTeX Font Info:    Checking defaults for OT1/cmr/m/n on input line 86.
LaTeX Font Info:    ... okay on input line 86.
LaTeX Font Info:    Checking defaults for OMS/cmsy/m/n on input line 86.
LaTeX Font Info:    ... okay on input line 86.
LaTeX Font Info:    Checking defaults for OMX/cmex/m/n on input line 86.
LaTeX Font Info:    ... okay on input line 86.
LaTeX Font Info:    Checking defaults for U/cmr/m/n on input line 86.
LaTeX Font Info:    ... okay on input line 86.
LaTeX Font Info:    Checking defaults for PD1/pdf/m/n on input line 86.
LaTeX Font Info:    ... okay on input line 86.

(/usr/local/texlive/2013basic/texmf-dist/tex/context/base/supp-pdf.mkii
[Loading MPS to PDF converter (version 2006.09.02).]
\scratchcounter=\count145
\scratchdimen=\dimen186
\scratchbox=\box46
\nofMPsegments=\count146
\nofMParguments=\count147
\everyMPshowfont=\toks40
\MPscratchCnt=\count148
\MPscratchDim=\dimen187
\MPnumerator=\count149
\makeMPintoPDFobject=\count150
\everyMPtoPDFconversion=\toks41
) (/usr/local/texlive/2013basic/texmf-dist/tex/latex/oberdiek/epstopdf-base.sty
Package: epstopdf-base 2010/02/09 v2.5 Base part for package epstopdf
(/usr/local/texlive/2013basic/texmf-dist/tex/latex/oberdiek/grfext.sty
Package: grfext 2010/08/19 v1.1 Manage graphics extensions (HO)
)
Package grfext Info: Graphics extension search list:
(grfext)             [.png,.pdf,.jpg,.mps,.jpeg,.jbig2,.jb2,.PNG,.PDF,.JPG,.JPE
G,.JBIG2,.JB2,.eps]
(grfext)             \AppendGraphicsExtensions on input line 452.

(/usr/local/texlive/2013basic/texmf-dist/tex/latex/latexconfig/epstopdf-sys.cfg
File: epstopdf-sys.cfg 2010/07/13 v1.3 Configuration of (r)epstopdf for TeX Liv
e
))
\AtBeginShipoutBox=\box47
Package hyperref Info: Link coloring OFF on input line 86.
 (/usr/local/texlive/2013basic/texmf-dist/tex/latex/hyperref/nameref.sty
Package: nameref 2012/10/27 v2.43 Cross-referencing by name of section

(/usr/local/texlive/2013basic/texmf-dist/tex/generic/oberdiek/gettitlestring.st
y
Package: gettitlestring 2010/12/03 v1.4 Cleanup title references (HO)
)
\c@section@level=\count151
)
LaTeX Info: Redefining \ref on input line 86.
LaTeX Info: Redefining \pageref on input line 86.
LaTeX Info: Redefining \nameref on input line 86.
 (./drLumi.out) (./drLumi.out)
\@outlinefile=\write5
\openout5 = `drLumi.out'.


*geometry* driver: auto-detecting
*geometry* detected driver: pdftex
*geometry* verbose mode - [ preamble ] result:
* driver: pdftex
* paper: a4paper
* layout: <same size as paper>
* layoutoffset:(h,v)=(0.0pt,0.0pt)
* modes: 
* h-part:(L,W,R)=(59.75095pt, 478.00598pt, 59.75095pt)
* v-part:(T,H,B)=(68.28644pt, 708.47397pt, 68.28644pt)
* \paperwidth=597.50787pt
* \paperheight=845.04684pt
* \textwidth=478.00598pt
* \textheight=708.47397pt
* \oddsidemargin=-12.51904pt
* \evensidemargin=-12.51904pt
* \topmargin=-40.98355pt
* \headheight=12.0pt
* \headsep=25.0pt
* \topskip=11.0pt
* \footskip=30.0pt
* \marginparwidth=59.0pt
* \marginparsep=10.0pt
* \columnsep=10.0pt
* \skip\footins=10.0pt plus 4.0pt minus 2.0pt
* \hoffset=0.0pt
* \voffset=0.0pt
* \mag=1000
* \@twocolumnfalse
* \@twosidefalse
* \@mparswitchfalse
* \@reversemarginfalse
* (1in=72.27pt=25.4mm, 1cm=28.453pt)

Package caption Info: Begin \AtBeginDocument code.
Package caption Info: End \AtBeginDocument code.
ABD: EveryShipout initializing macros
LaTeX Font Info:    Try loading font information for U+msa on input line 103.

(/usr/local/texlive/2013basic/texmf-dist/tex/latex/amsfonts/umsa.fd
File: umsa.fd 2013/01/14 v3.01 AMS symbols A
)
LaTeX Font Info:    Try loading font information for U+msb on input line 103.

(/usr/local/texlive/2013basic/texmf-dist/tex/latex/amsfonts/umsb.fd
File: umsb.fd 2013/01/14 v3.01 AMS symbols B
)
(./drLumi.toc)
\tf@toc=\write6
\openout6 = `drLumi.toc'.

 [1

{/usr/local/texlive/2013basic/texmf-var/fonts/map/pdftex/updmap/pdftex.map}]
Underfull \hbox (badness 10000) in paragraph at lines 128--133

 []


Underfull \hbox (badness 10000) in paragraph at lines 135--136

 []


Underfull \hbox (badness 10000) in paragraph at lines 137--138

 []


Underfull \hbox (badness 10000) in paragraph at lines 139--140

 []


Underfull \hbox (badness 10000) in paragraph at lines 142--147

 []

[2] <./figure/flow.pdf, id=116, 515.84521pt x 401.17477pt>
File: ./figure/flow.pdf Graphic file (type pdf)

<use ./figure/flow.pdf>
Package pdftex.def Info: ./figure/flow.pdf used on input line 154.
(pdftex.def)             Requested size: 412.67673pt x 320.94026pt.

Underfull \hbox (badness 10000) in paragraph at lines 160--163

 []


Package xcolor Warning: Incompatible color definition on input line 166.

[3 <./figure/flow.pdf>]
LaTeX Font Info:    Try loading font information for OMS+cmr on input line 187.


(/usr/local/texlive/2013basic/texmf-dist/tex/latex/base/omscmr.fd
File: omscmr.fd 1999/05/25 v2.5h Standard LaTeX font definitions
)
LaTeX Font Info:    Font shape `OMS/cmr/m/n' in size <10.95> not available
(Font)              Font shape `OMS/cmsy/m/n' tried instead on input line 187.


Package xcolor Warning: Incompatible color definition on input line 223.


Package xcolor Warning: Incompatible color definition on input line 233.


Package xcolor Warning: Incompatible color definition on input line 260.

[4]

Package xcolor Warning: Incompatible color definition on input line 269.


Package hyperref Warning: Token not allowed in a PDF string (PDFDocEncoding):
(hyperref)                removing `math shift' on input line 284.


Package hyperref Warning: Token not allowed in a PDF string (PDFDocEncoding):
(hyperref)                removing `superscript' on input line 284.


Package hyperref Warning: Token not allowed in a PDF string (PDFDocEncoding):
(hyperref)                removing `math shift' on input line 284.


Package hyperref Warning: Token not allowed in a PDF string (PDFDocEncoding):
(hyperref)                removing `\mathsurround' on input line 284.


Package hyperref Warning: Token not allowed in a PDF string (PDFDocEncoding):
(hyperref)                removing `\z@' on input line 284.


Package hyperref Warning: Token not allowed in a PDF string (PDFDocEncoding):
(hyperref)                removing `\mathchar' on input line 284.


Package hyperref Warning: Token not allowed in a PDF string (PDFDocEncoding):
(hyperref)                removing `math shift' on input line 284.


Package hyperref Warning: Token not allowed in a PDF string (PDFDocEncoding):
(hyperref)                removing `math shift' on input line 284.


Overfull \hbox (5.35599pt too wide) in paragraph at lines 285--288
\OT1/cmr/m/n/10.95 There is an ex-am-ple of CSV raw data from xPONENT$[]$ soft-
ware in \OT1/cmtt/m/n/10.95 inst/extdata \OT1/cmr/m/n/10.95 named \OT1/cmtt/m/n
/10.95 plate1.csv\OT1/cmr/m/n/10.95 .
 []


Package xcolor Warning: Incompatible color definition on input line 309.


Underfull \hbox (badness 10000) in paragraph at lines 332--334

 []


Package xcolor Warning: Incompatible color definition on input line 337.

[5]

Package xcolor Warning: Incompatible color definition on input line 350.


Package xcolor Warning: Incompatible color definition on input line 363.


Package xcolor Warning: Incompatible color definition on input line 376.


Package xcolor Warning: Incompatible color definition on input line 405.

[6]

Package xcolor Warning: Incompatible color definition on input line 437.

[7]

Package xcolor Warning: Incompatible color definition on input line 522.

<./unnamed-chunk-15-1.pdf, id=177, 505.89pt x 505.89pt>
File: ./unnamed-chunk-15-1.pdf Graphic file (type pdf)

<use ./unnamed-chunk-15-1.pdf>
Package pdftex.def Info: ./unnamed-chunk-15-1.pdf used on input line 523.
(pdftex.def)             Requested size: 133.84108pt x 133.84407pt.


Package xcolor Warning: Incompatible color definition on input line 529.

<./unnamed-chunk-16-1.pdf, id=178, 505.89pt x 505.89pt>
File: ./unnamed-chunk-16-1.pdf Graphic file (type pdf)

<use ./unnamed-chunk-16-1.pdf>
Package pdftex.def Info: ./unnamed-chunk-16-1.pdf used on input line 530.
(pdftex.def)             Requested size: 133.84108pt x 133.84407pt.


Package xcolor Warning: Incompatible color definition on input line 536.

<./unnamed-chunk-17-1.pdf, id=179, 505.89pt x 505.89pt>
File: ./unnamed-chunk-17-1.pdf Graphic file (type pdf)

<use ./unnamed-chunk-17-1.pdf>
Package pdftex.def Info: ./unnamed-chunk-17-1.pdf used on input line 537.
(pdftex.def)             Requested size: 133.84108pt x 133.84407pt.


Package xcolor Warning: Incompatible color definition on input line 558.


Package xcolor Warning: Incompatible color definition on input line 571.


Package xcolor Warning: Incompatible color definition on input line 595.

[8 <./unnamed-chunk-15-1.pdf> <./unnamed-chunk-16-1.pdf> <./unnamed-chunk-17-1.
pdf>]

Package xcolor Warning: Incompatible color definition on input line 609.


Package xcolor Warning: Incompatible color definition on input line 624.

<./figure/comparisonbackground.pdf, id=205, 493.845pt x 398.48875pt>
File: ./figure/comparisonbackground.pdf Graphic file (type pdf)

<use ./figure/comparisonbackground.pdf>
Package pdftex.def Info: ./figure/comparisonbackground.pdf used on input line 6
42.
(pdftex.def)             Requested size: 296.30928pt x 239.0951pt.
 [9 <./figure/comparisonbackground.pdf>]

Package xcolor Warning: Incompatible color definition on input line 672.


Package xcolor Warning: Incompatible color definition on input line 684.

<./figure/loqder.pdf, id=220, 433.62pt x 433.62pt>
File: ./figure/loqder.pdf Graphic file (type pdf)
 <use ./figure/loqder.pdf>
Package pdftex.def Info: ./figure/loqder.pdf used on input line 697.
(pdftex.def)             Requested size: 216.80946pt x 216.80946pt.

[10

 <./figure/loqder.pdf>]

Package xcolor Warning: Incompatible color definition on input line 726.


Package xcolor Warning: Incompatible color definition on input line 738.

<./loqint-1.pdf, id=236, 325.215pt x 289.08pt>
File: ./loqint-1.pdf Graphic file (type pdf)
 <use ./loqint-1.pdf>
Package pdftex.def Info: ./loqint-1.pdf used on input line 740.
(pdftex.def)             Requested size: 325.2142pt x 289.10133pt.


Package xcolor Warning: Incompatible color definition on input line 764.

[11

 <./loqint-1.pdf>]

Package xcolor Warning: Incompatible color definition on input line 776.

<./loqint2-1.pdf, id=252, 325.215pt x 289.08pt>
File: ./loqint2-1.pdf Graphic file (type pdf)
 <use ./loqint2-1.pdf>
Package pdftex.def Info: ./loqint2-1.pdf used on input line 778.
(pdftex.def)             Requested size: 325.2142pt x 289.10133pt.

Underfull \hbox (badness 10000) in paragraph at lines 801--803

 []


Underfull \hbox (badness 10000) in paragraph at lines 804--805

 []


Package xcolor Warning: Incompatible color definition on input line 812.


Package xcolor Warning: Incompatible color definition on input line 826.

<./loqcv-1.pdf, id=257, 252.945pt x 216.81pt>
File: ./loqcv-1.pdf Graphic file (type pdf)
 <use ./loqcv-1.pdf>
Package pdftex.def Info: ./loqcv-1.pdf used on input line 828.
(pdftex.def)             Requested size: 252.94438pt x 216.81276pt.


Package xcolor Warning: Incompatible color definition on input line 842.

[12 <./loqint2-1.pdf>]

Package xcolor Warning: Incompatible color definition on input line 853.


Package xcolor Warning: Incompatible color definition on input line 881.


Package xcolor Warning: Incompatible color definition on input line 901.

[13 <./loqcv-1.pdf>]

Package xcolor Warning: Incompatible color definition on input line 919.


Underfull \hbox (badness 10000) in paragraph at lines 933--939

 []


Package xcolor Warning: Incompatible color definition on input line 943.


Package xcolor Warning: Incompatible color definition on input line 952.


Package xcolor Warning: Incompatible color definition on input line 975.

[14]
Underfull \hbox (badness 10000) in paragraph at lines 1000--1003

 []


Package xcolor Warning: Incompatible color definition on input line 1006.


Package xcolor Warning: Incompatible color definition on input line 1016.


Package xcolor Warning: Incompatible color definition on input line 1040.

[15]
Underfull \hbox (badness 10000) in paragraph at lines 1059--1060

 []


Package xcolor Warning: Incompatible color definition on input line 1063.


Package xcolor Warning: Incompatible color definition on input line 1079.


Package xcolor Warning: Incompatible color definition on input line 1091.


Package xcolor Warning: Incompatible color definition on input line 1107.

[16]
Underfull \hbox (badness 10000) in paragraph at lines 1152--1155

 []


Package xcolor Warning: Incompatible color definition on input line 1167.


Overfull \hbox (4.9898pt too wide) in paragraph at lines 1201--1201
[]   \OT1/cmtt/m/n/10 analyte          b          c        d         e         
f obs   rsquare convergence  fct[] 
 []


Overfull \hbox (4.9898pt too wide) in paragraph at lines 1201--1201
[]\OT1/cmtt/m/n/10 1      FGF -0.8828771  1.3068483 3.683054 1.3890770 1.767844
1  17 0.9986956 convergence SSl5[] 
 []


Overfull \hbox (4.9898pt too wide) in paragraph at lines 1201--1201
[]\OT1/cmtt/m/n/10 2     IL1B -0.7291501  1.2823197 4.157377 2.2406824 1.184534
5  17 0.9997494 convergence SSl5[] 
 []


Overfull \hbox (4.9898pt too wide) in paragraph at lines 1201--1201
[]\OT1/cmtt/m/n/10 3    G-CSF -0.7229726  0.7586540 4.092740 2.6835136 1.294828
5  17 0.9994358 convergence SSl5[] 
 []


Overfull \hbox (4.9898pt too wide) in paragraph at lines 1201--1201
[]\OT1/cmtt/m/n/10 4     IL10 -0.4523784  0.6016439 4.595441 1.9790133 0.912560
7  17 0.9994614 convergence SSl5[] 
 []


Overfull \hbox (4.9898pt too wide) in paragraph at lines 1201--1201
[]\OT1/cmtt/m/n/10 5     IL13 -0.8043012  0.8938679 4.283454 1.9005612 1.616557
4  17 0.9996548 convergence SSl5[] 
 []


Overfull \hbox (4.9898pt too wide) in paragraph at lines 1201--1201
[]\OT1/cmtt/m/n/10 6      IL6 -0.6209108  0.9814027 4.348758 1.9220673 0.763718
4  17 0.9992782 convergence SSl5[] 
 []


Overfull \hbox (4.9898pt too wide) in paragraph at lines 1201--1201
[]\OT1/cmtt/m/n/10 7     IL12 -0.6862771  0.8229139 4.204463 2.2984784 1.383026
6  17 0.9998644 convergence SSl5[] 
 []


Overfull \hbox (4.9898pt too wide) in paragraph at lines 1201--1201
[]\OT1/cmtt/m/n/10 8   RANTES -0.9437332  1.7723069 3.918469 1.6347323 1.738786
8  17 0.9994649 convergence SSl5[] 
 []


Overfull \hbox (4.9898pt too wide) in paragraph at lines 1201--1201
[]\OT1/cmtt/m/n/10 9  EOTAXIN -0.5210368  1.4316138 4.289606 0.8253446 2.194689
7  17 0.9997680 convergence SSl5[] 
 []


Overfull \hbox (4.9898pt too wide) in paragraph at lines 1201--1201
[]\OT1/cmtt/m/n/10 10    IL17 -0.7770365  0.8729686 4.437082 2.6606798 0.511928
2  17 0.9996918 convergence SSl5[] 
 []


Overfull \hbox (4.9898pt too wide) in paragraph at lines 1201--1201
[]\OT1/cmtt/m/n/10 11   MIP1A -0.7290696  0.9101793 3.990784 1.5526541 1.964713
5  17 0.9998835 convergence SSl5[] 
 []


Overfull \hbox (4.9898pt too wide) in paragraph at lines 1201--1201
[]\OT1/cmtt/m/n/10 12   GMCSF -0.4091215  0.3682323 4.531576 1.2278351        N
A  17 0.9991905 convergence SSl4[] 
 []


Overfull \hbox (4.9898pt too wide) in paragraph at lines 1201--1201
[]\OT1/cmtt/m/n/10 13   MIP1B -0.5502088  1.0419523 4.381991 2.0851423 1.543382
7  17 0.9997014 convergence SSl5[] 
 []


Overfull \hbox (4.9898pt too wide) in paragraph at lines 1201--1201
[]\OT1/cmtt/m/n/10 14    MCP1 -0.6368871  1.0210596 4.558936 2.2773092 1.415983
4  17 0.9998101 convergence SSl5[] 
 []


Overfull \hbox (4.9898pt too wide) in paragraph at lines 1201--1201
[]\OT1/cmtt/m/n/10 15    IL15 -1.2741555  1.3014988 3.801743 3.2553293 0.421317
5  17 0.9989005 convergence SSl5[] 
 []


Overfull \hbox (4.9898pt too wide) in paragraph at lines 1201--1201
[]\OT1/cmtt/m/n/10 16     EGF -0.7775902  1.4265917 4.247292 1.9743882 0.794267
9  17 0.9999056 convergence SSl5[] 
 []


Overfull \hbox (4.9898pt too wide) in paragraph at lines 1201--1201
[]\OT1/cmtt/m/n/10 17     IL5 -0.7358589 -0.1865238 4.482711 2.5280240 0.274249
9  17 0.9994644 convergence SSl5[] 
 []


Overfull \hbox (4.9898pt too wide) in paragraph at lines 1201--1201
[]\OT1/cmtt/m/n/10 18     HGF -0.4779733  0.8688056 5.138004 2.5832461 2.064438
7  17 0.9996647 convergence SSl5[] 
 []


Overfull \hbox (4.9898pt too wide) in paragraph at lines 1201--1201
[]\OT1/cmtt/m/n/10 19    VEGF -0.8248516  1.5726924 3.950033 1.6801506 1.003974
5  17 0.9997100 convergence SSl5[] 
 []


Overfull \hbox (4.9898pt too wide) in paragraph at lines 1201--1201
[]\OT1/cmtt/m/n/10 20    IFNg -0.4707418  0.6146812 4.754997 2.3781928        N
A  17 0.9992237 convergence SSl4[] 
 []


Overfull \hbox (4.9898pt too wide) in paragraph at lines 1201--1201
[]\OT1/cmtt/m/n/10 21    IFNa -0.9684408  0.7668357 4.234176 2.2819768 0.951923
9  17 0.9993487 convergence SSl5[] 
 []


Overfull \hbox (4.9898pt too wide) in paragraph at lines 1201--1201
[]\OT1/cmtt/m/n/10 22   IL1RA -0.6535843  1.6186756 3.973113 3.1939268        N
A  17 0.9977053 convergence SSl4[] 
 []


Overfull \hbox (4.9898pt too wide) in paragraph at lines 1201--1201
[]\OT1/cmtt/m/n/10 23    TNFa -0.3705635  0.7370135 4.773413 0.9077849 2.149583
4  17 0.9994428 convergence SSl5[] 
 []


Overfull \hbox (4.9898pt too wide) in paragraph at lines 1201--1201
[]\OT1/cmtt/m/n/10 24     IL2 -0.6672199  0.9780458 4.410199 2.3856437 0.721838
2  17 0.9998813 convergence SSl5[] 
 []


Overfull \hbox (4.9898pt too wide) in paragraph at lines 1201--1201
[]\OT1/cmtt/m/n/10 25     IL7 -0.8784672  1.5961995 4.267243 2.4553340 1.174888
4  17 0.9997071 convergence SSl5[] 
 []


Overfull \hbox (4.9898pt too wide) in paragraph at lines 1201--1201
[]\OT1/cmtt/m/n/10 26    IP10 -0.7080650  0.7865411 4.353835 0.9641264 1.509428
3  17 0.9996376 convergence SSl5[] 
 []


Overfull \hbox (4.9898pt too wide) in paragraph at lines 1201--1201
[]\OT1/cmtt/m/n/10 27    IL2R -0.5859247  0.9110713 4.285251 2.7511816 1.244851
6  17 0.9996893 convergence SSl5[] 
 []


Overfull \hbox (4.9898pt too wide) in paragraph at lines 1201--1201
[]\OT1/cmtt/m/n/10 28     MIG -0.6499398  0.8284273 4.598374 1.9951056 1.846133
3  17 0.9996634 convergence SSl5[] 
 []


Overfull \hbox (4.9898pt too wide) in paragraph at lines 1201--1201
[]\OT1/cmtt/m/n/10 29     IL4 -0.5490025  0.8743643 4.339536 2.1432739 1.392758
1  17 0.9998933 convergence SSl5[] 
 []


Overfull \hbox (4.9898pt too wide) in paragraph at lines 1201--1201
[]\OT1/cmtt/m/n/10 30     IL8 -0.6469705  1.7275331 4.135944 2.0599591 1.472747
8  17 0.9996691 convergence SSl5[] 
 []


Package xcolor Warning: Incompatible color definition on input line 1210.

[17]

Package xcolor Warning: Incompatible color definition on input line 1275.

[18] [19]
Underfull \hbox (badness 10000) in paragraph at lines 1292--1296

 []


Package xcolor Warning: Incompatible color definition on input line 1304.

<./unnamed-chunk-49-1.pdf, id=328, 722.7pt x 722.7pt>
File: ./unnamed-chunk-49-1.pdf Graphic file (type pdf)

<use ./unnamed-chunk-49-1.pdf>
Package pdftex.def Info: ./unnamed-chunk-49-1.pdf used on input line 1310.
(pdftex.def)             Requested size: 478.00598pt x 478.00903pt.
 [20 <./unnamed-chunk-49-1.pdf>]

Package xcolor Warning: Incompatible color definition on input line 1324.

<./unnamed-chunk-50-1.pdf, id=339, 722.7pt x 722.7pt>
File: ./unnamed-chunk-50-1.pdf Graphic file (type pdf)

<use ./unnamed-chunk-50-1.pdf>
Package pdftex.def Info: ./unnamed-chunk-50-1.pdf used on input line 1330.
(pdftex.def)             Requested size: 478.00598pt x 478.00903pt.
 [21 <./unnamed-chunk-50-1.pdf>]

Package xcolor Warning: Incompatible color definition on input line 1343.

<./unnamed-chunk-51-1.pdf, id=352, 722.7pt x 722.7pt>
File: ./unnamed-chunk-51-1.pdf Graphic file (type pdf)

<use ./unnamed-chunk-51-1.pdf>
Package pdftex.def Info: ./unnamed-chunk-51-1.pdf used on input line 1349.
(pdftex.def)             Requested size: 478.00598pt x 478.00903pt.


Package xcolor Warning: Incompatible color definition on input line 1364.

[22 <./unnamed-chunk-51-1.pdf>]

Package xcolor Warning: Incompatible color definition on input line 1384.

<./unnamed-chunk-53-1.pdf, id=362, 722.7pt x 722.7pt>
File: ./unnamed-chunk-53-1.pdf Graphic file (type pdf)

<use ./unnamed-chunk-53-1.pdf>
Package pdftex.def Info: ./unnamed-chunk-53-1.pdf used on input line 1390.
(pdftex.def)             Requested size: 478.00598pt x 478.00903pt.


Package xcolor Warning: Incompatible color definition on input line 1402.


Overfull \hbox (16.38116pt too wide) in paragraph at lines 1406--1406
[]\OT1/cmtt/m/n/10.95 > flag.dat <- merge(datasets$plate_1$standard, out, by=c(
"analyte","well"),all.x=TRUE)[] 
 []


Package xcolor Warning: Incompatible color definition on input line 1412.

[23 <./unnamed-chunk-53-1.pdf>]

Package xcolor Warning: Incompatible color definition on input line 1427.

<./unnamed-chunk-56-1.pdf, id=375, 722.7pt x 433.62pt>
File: ./unnamed-chunk-56-1.pdf Graphic file (type pdf)

<use ./unnamed-chunk-56-1.pdf>
Package pdftex.def Info: ./unnamed-chunk-56-1.pdf used on input line 1435.
(pdftex.def)             Requested size: 478.00598pt x 286.80542pt.


Package hyperref Warning: Token not allowed in a PDF string (PDFDocEncoding):
(hyperref)                removing `math shift' on input line 1446.


Package hyperref Warning: Token not allowed in a PDF string (PDFDocEncoding):
(hyperref)                removing `superscript' on input line 1446.


Package hyperref Warning: Token not allowed in a PDF string (PDFDocEncoding):
(hyperref)                removing `math shift' on input line 1446.


Package hyperref Warning: Token not allowed in a PDF string (PDFDocEncoding):
(hyperref)                removing `\mathsurround' on input line 1446.


Package hyperref Warning: Token not allowed in a PDF string (PDFDocEncoding):
(hyperref)                removing `\z@' on input line 1446.


Package hyperref Warning: Token not allowed in a PDF string (PDFDocEncoding):
(hyperref)                removing `\mathchar' on input line 1446.


Package hyperref Warning: Token not allowed in a PDF string (PDFDocEncoding):
(hyperref)                removing `math shift' on input line 1446.


Package hyperref Warning: Token not allowed in a PDF string (PDFDocEncoding):
(hyperref)                removing `math shift' on input line 1446.


Package xcolor Warning: Incompatible color definition on input line 1460.

[24 <./unnamed-chunk-56-1.pdf>]

Package xcolor Warning: Incompatible color definition on input line 1517.


Package xcolor Warning: Incompatible color definition on input line 1532.

[25]

Package xcolor Warning: Incompatible color definition on input line 1566.


Package xcolor Warning: Incompatible color definition on input line 1585.


Package xcolor Warning: Incompatible color definition on input line 1608.

[26] [27] (./drLumi.bbl) [28]
Package atveryend Info: Empty hook `BeforeClearDocument' on input line 1626.
Package atveryend Info: Empty hook `AfterLastShipout' on input line 1626.
 (./drLumi.aux)
Package atveryend Info: Executing hook `AtVeryEndDocument' on input line 1626.
Package atveryend Info: Executing hook `AtEndAfterFileList' on input line 1626.

Package rerunfilecheck Info: File `drLumi.out' has not changed.
(rerunfilecheck)             Checksum: 9B85554406E766B75C81ACE7FFAC3CFB;1104.
Package atveryend Info: Empty hook `AtVeryVeryEnd' on input line 1626.
 ) 
Here is how much of TeX's memory you used:
 19549 strings out of 494536
 368096 string characters out of 6167447
 449225 words of memory out of 5000000
 22333 multiletter control sequences out of 15000+600000
 18530 words of font info for 71 fonts, out of 8000000 for 9000
 319 hyphenation exceptions out of 8191
 55i,11n,56p,1640b,472s stack positions out of 5000i,500n,10000p,200000b,80000s
</usr/local/texlive/2013basic/texmf-dist/fonts/type1/public/amsfonts/cm/cmbx1
0.pfb></usr/local/texlive/2013basic/texmf-dist/fonts/type1/public/amsfonts/cm/c
mbx12.pfb></usr/local/texlive/2013basic/texmf-dist/fonts/type1/public/amsfonts/
cm/cmbx8.pfb></usr/local/texlive/2013basic/texmf-dist/fonts/type1/public/amsfon
ts/cm/cmcsc10.pfb></usr/local/texlive/2013basic/texmf-dist/fonts/type1/public/a
msfonts/cm/cmex10.pfb></usr/local/texlive/2013basic/texmf-dist/fonts/type1/publ
ic/amsfonts/cm/cmmi10.pfb></usr/local/texlive/2013basic/texmf-dist/fonts/type1/
public/amsfonts/cm/cmmi6.pfb></usr/local/texlive/2013basic/texmf-dist/fonts/typ
e1/public/amsfonts/cm/cmmi8.pfb></usr/local/texlive/2013basic/texmf-dist/fonts/
type1/public/amsfonts/cm/cmmib10.pfb></usr/local/texlive/2013basic/texmf-dist/f
onts/type1/public/amsfonts/cm/cmr10.pfb></usr/local/texlive/2013basic/texmf-dis
t/fonts/type1/public/amsfonts/cm/cmr12.pfb></usr/local/texlive/2013basic/texmf-
dist/fonts/type1/public/amsfonts/cm/cmr6.pfb></usr/local/texlive/2013basic/texm
f-dist/fonts/type1/public/amsfonts/cm/cmr7.pfb></usr/local/texlive/2013basic/te
xmf-dist/fonts/type1/public/amsfonts/cm/cmr8.pfb></usr/local/texlive/2013basic/
texmf-dist/fonts/type1/public/amsfonts/cm/cmsy10.pfb></usr/local/texlive/2013ba
sic/texmf-dist/fonts/type1/public/amsfonts/cm/cmsy8.pfb></usr/local/texlive/201
3basic/texmf-dist/fonts/type1/public/amsfonts/cm/cmti10.pfb></usr/local/texlive
/2013basic/texmf-dist/fonts/type1/public/amsfonts/cm/cmtt10.pfb></usr/local/tex
live/2013basic/texmf-dist/fonts/type1/public/amsfonts/cm/cmtt12.pfb></usr/local
/texlive/2013basic/texmf-dist/fonts/type1/public/amsfonts/symbols/msam10.pfb>
Output written on drLumi.pdf (28 pages, 850158 bytes).
PDF statistics:
 484 PDF objects out of 1000 (max. 8388607)
 402 compressed objects within 5 object streams
 85 named destinations out of 1000 (max. 500000)
 227 words of extra memory for PDF output out of 10000 (max. 10000000)

